2014/06/07 14:30:58 [error] [exception.CHttpException.404] exception 'CHttpException' with message 'Unable to resolve the request "gii".' in /home/hacker/projects/TejasDataMgmt/yii/yii-1.1.14.f0fee9/framework/web/CWebApplication.php:286
Stack trace:
#0 /home/hacker/projects/TejasDataMgmt/yii/yii-1.1.14.f0fee9/framework/web/CWebApplication.php(141): CWebApplication->runController('gii')
#1 /home/hacker/projects/TejasDataMgmt/yii/yii-1.1.14.f0fee9/framework/base/CApplication.php(180): CWebApplication->processRequest()
#2 /home/hacker/projects/TejasDataMgmt/yii/memdata/index.php(13): CApplication->run()
#3 {main}
REQUEST_URI=/tejas/index.php?r=gii
---
2014/06/07 14:32:45 [error] [exception.CDbException] exception 'CDbException' with message 'CDbConnection failed to open the DB connection: SQLSTATE[28000] [1045] Access denied for user 'tejas'@'localhost' (using password: YES)' in /home/hacker/projects/TejasDataMgmt/yii/yii-1.1.14.f0fee9/framework/db/CDbConnection.php:382
Stack trace:
#0 /home/hacker/projects/TejasDataMgmt/yii/yii-1.1.14.f0fee9/framework/db/CDbConnection.php(330): CDbConnection->open()
#1 /home/hacker/projects/TejasDataMgmt/yii/yii-1.1.14.f0fee9/framework/db/CDbConnection.php(308): CDbConnection->setActive(true)
#2 /home/hacker/projects/TejasDataMgmt/yii/yii-1.1.14.f0fee9/framework/base/CModule.php(387): CDbConnection->init()
#3 /home/hacker/projects/TejasDataMgmt/yii/yii-1.1.14.f0fee9/framework/base/CModule.php(103): CModule->getComponent('db')
#4 /home/hacker/projects/TejasDataMgmt/yii/yii-1.1.14.f0fee9/framework/gii/generators/model/ModelCode.php(60): CModule->__get('db')
#5 /home/hacker/projects/TejasDataMgmt/yii/yii-1.1.14.f0fee9/framework/web/CFormModel.php(39): ModelCode->init()
#6 /home/hacker/projects/TejasDataMgmt/yii/yii-1.1.14.f0fee9/framework/gii/CCodeGenerator.php(153): CFormModel->__construct()
#7 /home/hacker/projects/TejasDataMgmt/yii/yii-1.1.14.f0fee9/framework/gii/CCodeGenerator.php(63): CCodeGenerator->prepare()
#8 /home/hacker/projects/TejasDataMgmt/yii/yii-1.1.14.f0fee9/framework/web/actions/CInlineAction.php(49): CCodeGenerator->actionIndex()
#9 /home/hacker/projects/TejasDataMgmt/yii/yii-1.1.14.f0fee9/framework/web/CController.php(308): CInlineAction->runWithParams(Array)
#10 /home/hacker/projects/TejasDataMgmt/yii/yii-1.1.14.f0fee9/framework/web/CController.php(286): CController->runAction(Object(CInlineAction))
#11 /home/hacker/projects/TejasDataMgmt/yii/yii-1.1.14.f0fee9/framework/web/CController.php(265): CController->runActionWithFilters(Object(CInlineAction), Array)
#12 /home/hacker/projects/TejasDataMgmt/yii/yii-1.1.14.f0fee9/framework/web/CWebApplication.php(282): CController->run('index')
#13 /home/hacker/projects/TejasDataMgmt/yii/yii-1.1.14.f0fee9/framework/web/CWebApplication.php(141): CWebApplication->runController('gii/model/index')
#14 /home/hacker/projects/TejasDataMgmt/yii/yii-1.1.14.f0fee9/framework/base/CApplication.php(180): CWebApplication->processRequest()
#15 /home/hacker/projects/TejasDataMgmt/yii/memdata/index.php(13): CApplication->run()
#16 {main}
REQUEST_URI=/tejas/index.php?r=gii/model/index
HTTP_REFERER=http://localhost/tejas/index.php?r=gii/form/index
---
2014/06/07 14:34:45 [error] [exception.CHttpException.404] exception 'CHttpException' with message 'Unable to resolve the request "members/index".' in /home/hacker/projects/TejasDataMgmt/yii/yii-1.1.14.f0fee9/framework/web/CWebApplication.php:286
Stack trace:
#0 /home/hacker/projects/TejasDataMgmt/yii/yii-1.1.14.f0fee9/framework/web/CWebApplication.php(141): CWebApplication->runController('members/index')
#1 /home/hacker/projects/TejasDataMgmt/yii/yii-1.1.14.f0fee9/framework/base/CApplication.php(180): CWebApplication->processRequest()
#2 /home/hacker/projects/TejasDataMgmt/yii/memdata/index.php(13): CApplication->run()
#3 {main}
REQUEST_URI=/tejas/index.php?r=members/index
---
2014/06/08 12:36:54 [error] [exception.CException] exception 'CException' with message 'CActiveForm and its behaviors do not have a method or closure named "phoneField".' in /home/hacker/projects/TejasDataMgmt/yii/yii-1.1.14.f0fee9/framework/base/CComponent.php:266
Stack trace:
#0 /home/hacker/projects/TejasDataMgmt/yii/memdata/protected/views/members/_form.php(58): CComponent->__call('phoneField', Array)
#1 /home/hacker/projects/TejasDataMgmt/yii/memdata/protected/views/members/_form.php(58): CActiveForm->phoneField(Object(Members), 'mobile', Array)
#2 /home/hacker/projects/TejasDataMgmt/yii/yii-1.1.14.f0fee9/framework/web/CBaseController.php(126): require('/home/hacker/pr...')
#3 /home/hacker/projects/TejasDataMgmt/yii/yii-1.1.14.f0fee9/framework/web/CBaseController.php(95): CBaseController->renderInternal('/home/hacker/pr...', Array, true)
#4 /home/hacker/projects/TejasDataMgmt/yii/yii-1.1.14.f0fee9/framework/web/CController.php(869): CBaseController->renderFile('/home/hacker/pr...', Array, true)
#5 /home/hacker/projects/TejasDataMgmt/yii/memdata/protected/views/members/create.php(18): CController->renderPartial('_form', Array)
#6 /home/hacker/projects/TejasDataMgmt/yii/yii-1.1.14.f0fee9/framework/web/CBaseController.php(126): require('/home/hacker/pr...')
#7 /home/hacker/projects/TejasDataMgmt/yii/yii-1.1.14.f0fee9/framework/web/CBaseController.php(95): CBaseController->renderInternal('/home/hacker/pr...', Array, true)
#8 /home/hacker/projects/TejasDataMgmt/yii/yii-1.1.14.f0fee9/framework/web/CController.php(869): CBaseController->renderFile('/home/hacker/pr...', Array, true)
#9 /home/hacker/projects/TejasDataMgmt/yii/yii-1.1.14.f0fee9/framework/web/CController.php(782): CController->renderPartial('create', Array, true)
#10 /home/hacker/projects/TejasDataMgmt/yii/memdata/protected/controllers/MembersController.php(79): CController->render('create', Array)
#11 /home/hacker/projects/TejasDataMgmt/yii/yii-1.1.14.f0fee9/framework/web/actions/CInlineAction.php(49): MembersController->actionCreate()
#12 /home/hacker/projects/TejasDataMgmt/yii/yii-1.1.14.f0fee9/framework/web/CController.php(308): CInlineAction->runWithParams(Array)
#13 /home/hacker/projects/TejasDataMgmt/yii/yii-1.1.14.f0fee9/framework/web/filters/CFilterChain.php(133): CController->runAction(Object(CInlineAction))
#14 /home/hacker/projects/TejasDataMgmt/yii/yii-1.1.14.f0fee9/framework/web/filters/CFilter.php(40): CFilterChain->run()
#15 /home/hacker/projects/TejasDataMgmt/yii/yii-1.1.14.f0fee9/framework/web/CController.php(1145): CFilter->filter(Object(CFilterChain))
#16 /home/hacker/projects/TejasDataMgmt/yii/yii-1.1.14.f0fee9/framework/web/filters/CInlineFilter.php(58): CController->filterAccessControl(Object(CFilterChain))
#17 /home/hacker/projects/TejasDataMgmt/yii/yii-1.1.14.f0fee9/framework/web/filters/CFilterChain.php(130): CInlineFilter->filter(Object(CFilterChain))
#18 /home/hacker/projects/TejasDataMgmt/yii/yii-1.1.14.f0fee9/framework/web/CController.php(291): CFilterChain->run()
#19 /home/hacker/projects/TejasDataMgmt/yii/yii-1.1.14.f0fee9/framework/web/CController.php(265): CController->runActionWithFilters(Object(CInlineAction), Array)
#20 /home/hacker/projects/TejasDataMgmt/yii/yii-1.1.14.f0fee9/framework/web/CWebApplication.php(282): CController->run('create')
#21 /home/hacker/projects/TejasDataMgmt/yii/yii-1.1.14.f0fee9/framework/web/CWebApplication.php(141): CWebApplication->runController('members/create')
#22 /home/hacker/projects/TejasDataMgmt/yii/yii-1.1.14.f0fee9/framework/base/CApplication.php(180): CWebApplication->processRequest()
#23 /home/hacker/projects/TejasDataMgmt/yii/memdata/index.php(13): CApplication->run()
#24 {main}
REQUEST_URI=/tejas/index.php?r=members/create
---
2014/06/08 12:37:52 [error] [exception.CHttpException.404] exception 'CHttpException' with message 'The system is unable to find the requested action "photo".' in /home/hacker/projects/TejasDataMgmt/yii/yii-1.1.14.f0fee9/framework/web/CController.php:483
Stack trace:
#0 /home/hacker/projects/TejasDataMgmt/yii/yii-1.1.14.f0fee9/framework/web/CController.php(270): CController->missingAction('photo')
#1 /home/hacker/projects/TejasDataMgmt/yii/yii-1.1.14.f0fee9/framework/web/CWebApplication.php(282): CController->run('photo')
#2 /home/hacker/projects/TejasDataMgmt/yii/yii-1.1.14.f0fee9/framework/web/CWebApplication.php(141): CWebApplication->runController('members/photo')
#3 /home/hacker/projects/TejasDataMgmt/yii/yii-1.1.14.f0fee9/framework/base/CApplication.php(180): CWebApplication->processRequest()
#4 /home/hacker/projects/TejasDataMgmt/yii/memdata/index.php(13): CApplication->run()
#5 {main}
REQUEST_URI=/tejas/index.php?r=members/photo&id=
HTTP_REFERER=http://localhost/tejas/index.php?r=members/create
---
2014/06/08 12:58:13 [error] [exception.CHttpException.404] exception 'CHttpException' with message 'Unable to resolve the request "member".' in /home/hacker/projects/TejasDataMgmt/yii/yii-1.1.14.f0fee9/framework/web/CWebApplication.php:286
Stack trace:
#0 /home/hacker/projects/TejasDataMgmt/yii/yii-1.1.14.f0fee9/framework/web/CWebApplication.php(141): CWebApplication->runController('member')
#1 /home/hacker/projects/TejasDataMgmt/yii/yii-1.1.14.f0fee9/framework/base/CApplication.php(180): CWebApplication->processRequest()
#2 /home/hacker/projects/TejasDataMgmt/yii/memdata/index.php(13): CApplication->run()
#3 {main}
REQUEST_URI=/tejas/index.php?r=member
---
2014/06/08 12:58:23 [error] [exception.CHttpException.404] exception 'CHttpException' with message 'Unable to resolve the request "member/create".' in /home/hacker/projects/TejasDataMgmt/yii/yii-1.1.14.f0fee9/framework/web/CWebApplication.php:286
Stack trace:
#0 /home/hacker/projects/TejasDataMgmt/yii/yii-1.1.14.f0fee9/framework/web/CWebApplication.php(141): CWebApplication->runController('member/create')
#1 /home/hacker/projects/TejasDataMgmt/yii/yii-1.1.14.f0fee9/framework/base/CApplication.php(180): CWebApplication->processRequest()
#2 /home/hacker/projects/TejasDataMgmt/yii/memdata/index.php(13): CApplication->run()
#3 {main}
REQUEST_URI=/tejas/index.php?r=member/create
---
